<?xml version="1.0" encoding="utf-8"?><testsuites name="pytest tests"><testsuite name="pytest" errors="0" failures="0" skipped="0" tests="13" time="14.782" timestamp="2026-09-22T13:45:48.169350+00:00" hostname="agent-env-cc974934-cb9e-4c73-a774-1014447fdd5c"><testcase classname="tests.test_signature_studio_api.TestAuth" name="test_register_endpoint_removed" time="0.484" /><testcase classname="tests.test_signature_studio_api.TestAuth" name="test_login_success_and_me" time="0.540" /><testcase classname="tests.test_signature_studio_api.TestAuth" name="test_login_wrong_password" time="0.445" /><testcase classname="tests.test_signature_studio_api.TestAuth" name="test_forgot_password_returns_ok_for_unknown" time="0.172" /><testcase classname="tests.test_signature_studio_api.TestAuth" name="test_forgot_and_reset_password_flow" time="2.979" /><testcase classname="tests.test_signature_studio_api.TestAuth" name="test_password_reset_ttl_index" time="0.885" /><testcase classname="tests.test_signature_studio_api.TestAuth" name="test_unauth_admin_endpoints_return_401" time="0.540" /><testcase classname="tests.test_signature_studio_api.TestPublic" name="test_categories_public" time="0.190" /><testcase classname="tests.test_signature_studio_api.TestPublic" name="test_portfolio_public" time="0.145" /><testcase classname="tests.test_signature_studio_api.TestPortfolio" name="test_crud_and_featured_ordering" time="1.135" /><testcase classname="tests.test_signature_studio_api.TestCategories" name="test_create_rename_hide_delete_and_public_visibility" time="1.360" /><testcase classname="tests.test_signature_studio_api.TestTeam" name="test_owner_lists_team_and_invites" time="2.286" /><testcase classname="tests.test_signature_studio_api.TestTeam" name="test_manager_role_enforcement" time="3.505" /></testsuite></testsuites>