<?xml version="1.0" encoding="utf-8"?><testsuites name="pytest tests"><testsuite name="pytest" errors="0" failures="0" skipped="0" tests="3" time="3.638" timestamp="2026-09-22T12:27:09.345138+00:00" hostname="agent-env-cc974934-cb9e-4c73-a774-1014447fdd5c"><testcase classname="tests.test_signature_studio_api" name="test_public_and_admin_crud_flow" time="1.468" /><testcase classname="tests.test_signature_studio_api" name="test_register_returns_409_when_owner_exists" time="0.157" /><testcase classname="tests.test_signature_studio_api" name="test_login_invalid_password_401" time="0.441" /></testsuite></testsuites>